[08-Sep-2022 03:20:06 UTC] PHP Fatal error:  Access level to ElementorPro\Modules\ThemeBuilder\Documents\Theme_Document::get_create_url() must be public (as in class Elementor\Core\Base\Document) in C:\Users\dblen\Local Sites\casa-dos-heris\app\public\wp-content\plugins\elementor-pro\modules\theme-builder\documents\theme-document.php on line 123
[08-Sep-2022 03:20:06 UTC] PHP Stack trace:
[08-Sep-2022 03:20:06 UTC] PHP   1. {main}() C:\Users\dblen\Local Sites\casa-dos-heris\app\public\wp-admin\plugins.php:0
[08-Sep-2022 03:20:06 UTC] PHP   2. require_once() C:\Users\dblen\Local Sites\casa-dos-heris\app\public\wp-admin\plugins.php:605
[08-Sep-2022 03:20:06 UTC] PHP   3. do_action() C:\Users\dblen\Local Sites\casa-dos-heris\app\public\wp-admin\admin-header.php:118
[08-Sep-2022 03:20:06 UTC] PHP   4. WP_Hook->do_action() C:\Users\dblen\Local Sites\casa-dos-heris\app\public\wp-includes\plugin.php:476
[08-Sep-2022 03:20:06 UTC] PHP   5. WP_Hook->apply_filters() C:\Users\dblen\Local Sites\casa-dos-heris\app\public\wp-includes\class-wp-hook.php:331
[08-Sep-2022 03:20:06 UTC] PHP   6. Elementor\Core\Common\App->register_scripts() C:\Users\dblen\Local Sites\casa-dos-heris\app\public\wp-includes\class-wp-hook.php:307
[08-Sep-2022 03:20:06 UTC] PHP   7. Elementor\Core\Common\App->print_config() C:\Users\dblen\Local Sites\casa-dos-heris\app\public\wp-content\plugins\elementor\core\common\app.php:153
[08-Sep-2022 03:20:06 UTC] PHP   8. Elementor\Core\Common\App->get_components_config() C:\Users\dblen\Local Sites\casa-dos-heris\app\public\wp-content\plugins\elementor\core\base\app.php:36
[08-Sep-2022 03:20:06 UTC] PHP   9. Elementor\Core\Common\Modules\Finder\Module->get_settings() C:\Users\dblen\Local Sites\casa-dos-heris\app\public\wp-content\plugins\elementor\core\base\app.php:59
[08-Sep-2022 03:20:06 UTC] PHP  10. Elementor\Core\Common\Modules\Finder\Module->ensure_settings() C:\Users\dblen\Local Sites\casa-dos-heris\app\public\wp-content\plugins\elementor\core\base\base-object.php:40
[08-Sep-2022 03:20:06 UTC] PHP  11. Elementor\Core\Common\Modules\Finder\Module->get_init_settings() C:\Users\dblen\Local Sites\casa-dos-heris\app\public\wp-content\plugins\elementor\core\base\base-object.php:142
[08-Sep-2022 03:20:06 UTC] PHP  12. Elementor\Core\Common\Modules\Finder\Categories\Create->get_settings() C:\Users\dblen\Local Sites\casa-dos-heris\app\public\wp-content\plugins\elementor\core\common\modules\finder\module.php:107
[08-Sep-2022 03:20:06 UTC] PHP  13. Elementor\Core\Common\Modules\Finder\Categories\Create->ensure_settings() C:\Users\dblen\Local Sites\casa-dos-heris\app\public\wp-content\plugins\elementor\core\base\base-object.php:40
[08-Sep-2022 03:20:06 UTC] PHP  14. Elementor\Core\Common\Modules\Finder\Categories\Create->get_init_settings() C:\Users\dblen\Local Sites\casa-dos-heris\app\public\wp-content\plugins\elementor\core\base\base-object.php:142
[08-Sep-2022 03:20:06 UTC] PHP  15. Elementor\Core\Common\Modules\Finder\Categories\Create->get_category_items() C:\Users\dblen\Local Sites\casa-dos-heris\app\public\wp-content\plugins\elementor\core\common\modules\finder\base-category.php:92
[08-Sep-2022 03:20:06 UTC] PHP  16. Elementor\Core\Documents_Manager->get_document_types() C:\Users\dblen\Local Sites\casa-dos-heris\app\public\wp-content\plugins\elementor\core\common\modules\finder\categories\create.php:47
[08-Sep-2022 03:20:06 UTC] PHP  17. Elementor\Core\Documents_Manager->register_types() C:\Users\dblen\Local Sites\casa-dos-heris\app\public\wp-content\plugins\elementor\core\documents-manager.php:314
[08-Sep-2022 03:20:06 UTC] PHP  18. do_action() C:\Users\dblen\Local Sites\casa-dos-heris\app\public\wp-content\plugins\elementor\core\documents-manager.php:692
[08-Sep-2022 03:20:06 UTC] PHP  19. WP_Hook->do_action() C:\Users\dblen\Local Sites\casa-dos-heris\app\public\wp-includes\plugin.php:476
[08-Sep-2022 03:20:06 UTC] PHP  20. WP_Hook->apply_filters() C:\Users\dblen\Local Sites\casa-dos-heris\app\public\wp-includes\class-wp-hook.php:331
[08-Sep-2022 03:20:06 UTC] PHP  21. ElementorPro\Modules\Popup\Module->register_documents() C:\Users\dblen\Local Sites\casa-dos-heris\app\public\wp-includes\class-wp-hook.php:307
[08-Sep-2022 03:20:06 UTC] PHP  22. ElementorPro\Plugin->autoload() C:\Users\dblen\Local Sites\casa-dos-heris\app\public\wp-content\plugins\elementor-pro\modules\popup\module.php:51
[08-Sep-2022 03:20:06 UTC] PHP  23. include() C:\Users\dblen\Local Sites\casa-dos-heris\app\public\wp-content\plugins\elementor-pro\plugin.php:140
[08-Sep-2022 03:20:06 UTC] PHP  24. ElementorPro\Plugin->autoload() C:\Users\dblen\Local Sites\casa-dos-heris\app\public\wp-content\plugins\elementor-pro\modules\popup\document.php:19
[08-Sep-2022 03:20:06 UTC] PHP  25. include() C:\Users\dblen\Local Sites\casa-dos-heris\app\public\wp-content\plugins\elementor-pro\plugin.php:140
[08-Sep-2022 03:20:06 UTC] PHP  26. ElementorPro\Plugin->autoload() C:\Users\dblen\Local Sites\casa-dos-heris\app\public\wp-content\plugins\elementor-pro\modules\theme-builder\documents\theme-section-document.php:8
[08-Sep-2022 03:20:26 UTC] PHP Fatal error:  Access level to ElementorPro\Modules\ThemeBuilder\Documents\Theme_Document::get_create_url() must be public (as in class Elementor\Core\Base\Document) in C:\Users\dblen\Local Sites\casa-dos-heris\app\public\wp-content\plugins\elementor-pro\modules\theme-builder\documents\theme-document.php on line 123
[08-Sep-2022 03:20:26 UTC] PHP Stack trace:
[08-Sep-2022 03:20:26 UTC] PHP   1. {main}() C:\Users\dblen\Local Sites\casa-dos-heris\app\public\wp-admin\plugins.php:0
[08-Sep-2022 03:20:26 UTC] PHP   2. require_once() C:\Users\dblen\Local Sites\casa-dos-heris\app\public\wp-admin\plugins.php:605
[08-Sep-2022 03:20:26 UTC] PHP   3. do_action() C:\Users\dblen\Local Sites\casa-dos-heris\app\public\wp-admin\admin-header.php:118
[08-Sep-2022 03:20:26 UTC] PHP   4. WP_Hook->do_action() C:\Users\dblen\Local Sites\casa-dos-heris\app\public\wp-includes\plugin.php:476
[08-Sep-2022 03:20:26 UTC] PHP   5. WP_Hook->apply_filters() C:\Users\dblen\Local Sites\casa-dos-heris\app\public\wp-includes\class-wp-hook.php:331
[08-Sep-2022 03:20:26 UTC] PHP   6. Elementor\Core\Common\App->register_scripts() C:\Users\dblen\Local Sites\casa-dos-heris\app\public\wp-includes\class-wp-hook.php:307
[08-Sep-2022 03:20:26 UTC] PHP   7. Elementor\Core\Common\App->print_config() C:\Users\dblen\Local Sites\casa-dos-heris\app\public\wp-content\plugins\elementor\core\common\app.php:153
[08-Sep-2022 03:20:26 UTC] PHP   8. Elementor\Core\Common\App->get_components_config() C:\Users\dblen\Local Sites\casa-dos-heris\app\public\wp-content\plugins\elementor\core\base\app.php:36
[08-Sep-2022 03:20:26 UTC] PHP   9. Elementor\Core\Common\Modules\Finder\Module->get_settings() C:\Users\dblen\Local Sites\casa-dos-heris\app\public\wp-content\plugins\elementor\core\base\app.php:59
[08-Sep-2022 03:20:26 UTC] PHP  10. Elementor\Core\Common\Modules\Finder\Module->ensure_settings() C:\Users\dblen\Local Sites\casa-dos-heris\app\public\wp-content\plugins\elementor\core\base\base-object.php:40
[08-Sep-2022 03:20:26 UTC] PHP  11. Elementor\Core\Common\Modules\Finder\Module->get_init_settings() C:\Users\dblen\Local Sites\casa-dos-heris\app\public\wp-content\plugins\elementor\core\base\base-object.php:142
[08-Sep-2022 03:20:26 UTC] PHP  12. Elementor\Core\Common\Modules\Finder\Categories\Create->get_settings() C:\Users\dblen\Local Sites\casa-dos-heris\app\public\wp-content\plugins\elementor\core\common\modules\finder\module.php:107
[08-Sep-2022 03:20:26 UTC] PHP  13. Elementor\Core\Common\Modules\Finder\Categories\Create->ensure_settings() C:\Users\dblen\Local Sites\casa-dos-heris\app\public\wp-content\plugins\elementor\core\base\base-object.php:40
[08-Sep-2022 03:20:26 UTC] PHP  14. Elementor\Core\Common\Modules\Finder\Categories\Create->get_init_settings() C:\Users\dblen\Local Sites\casa-dos-heris\app\public\wp-content\plugins\elementor\core\base\base-object.php:142
[08-Sep-2022 03:20:26 UTC] PHP  15. Elementor\Core\Common\Modules\Finder\Categories\Create->get_category_items() C:\Users\dblen\Local Sites\casa-dos-heris\app\public\wp-content\plugins\elementor\core\common\modules\finder\base-category.php:92
[08-Sep-2022 03:20:26 UTC] PHP  16. Elementor\Core\Documents_Manager->get_document_types() C:\Users\dblen\Local Sites\casa-dos-heris\app\public\wp-content\plugins\elementor\core\common\modules\finder\categories\create.php:47
[08-Sep-2022 03:20:26 UTC] PHP  17. Elementor\Core\Documents_Manager->register_types() C:\Users\dblen\Local Sites\casa-dos-heris\app\public\wp-content\plugins\elementor\core\documents-manager.php:314
[08-Sep-2022 03:20:26 UTC] PHP  18. do_action() C:\Users\dblen\Local Sites\casa-dos-heris\app\public\wp-content\plugins\elementor\core\documents-manager.php:692
[08-Sep-2022 03:20:26 UTC] PHP  19. WP_Hook->do_action() C:\Users\dblen\Local Sites\casa-dos-heris\app\public\wp-includes\plugin.php:476
[08-Sep-2022 03:20:26 UTC] PHP  20. WP_Hook->apply_filters() C:\Users\dblen\Local Sites\casa-dos-heris\app\public\wp-includes\class-wp-hook.php:331
[08-Sep-2022 03:20:26 UTC] PHP  21. ElementorPro\Modules\Popup\Module->register_documents() C:\Users\dblen\Local Sites\casa-dos-heris\app\public\wp-includes\class-wp-hook.php:307
[08-Sep-2022 03:20:26 UTC] PHP  22. ElementorPro\Plugin->autoload() C:\Users\dblen\Local Sites\casa-dos-heris\app\public\wp-content\plugins\elementor-pro\modules\popup\module.php:51
[08-Sep-2022 03:20:26 UTC] PHP  23. include() C:\Users\dblen\Local Sites\casa-dos-heris\app\public\wp-content\plugins\elementor-pro\plugin.php:140
[08-Sep-2022 03:20:26 UTC] PHP  24. ElementorPro\Plugin->autoload() C:\Users\dblen\Local Sites\casa-dos-heris\app\public\wp-content\plugins\elementor-pro\modules\popup\document.php:19
[08-Sep-2022 03:20:26 UTC] PHP  25. include() C:\Users\dblen\Local Sites\casa-dos-heris\app\public\wp-content\plugins\elementor-pro\plugin.php:140
[08-Sep-2022 03:20:26 UTC] PHP  26. ElementorPro\Plugin->autoload() C:\Users\dblen\Local Sites\casa-dos-heris\app\public\wp-content\plugins\elementor-pro\modules\theme-builder\documents\theme-section-document.php:8
[08-Sep-2022 03:21:18 UTC] PHP Warning:  File upload error - unable to create a temporary file in Unknown on line 0
[08-Sep-2022 03:22:09 UTC] PHP Warning:  File upload error - unable to create a temporary file in Unknown on line 0
